<?xml version="1.0" encoding="UTF-8"?>
<!-- Generated by org.testng.reporters.JUnitReportReporter -->
<testsuite hostname="LAPTOP-3R2I0TEE" failures="0" tests="2" name="SDET.AutomationPractice.MainTest" time="28.041" errors="0" timestamp="2020-10-21T14:42:33 CDT" skipped="0">
  <testcase classname="SDET.AutomationPractice.MainTest" name="createAccount" time="18.215"/>
  <system-out/>
  <testcase classname="SDET.AutomationPractice.MainTest" name="createAccount" time="9.826"/>
  <system-out/>
</testsuite> <!-- SDET.AutomationPractice.MainTest -->
