<?xml version="1.0" encoding="UTF-8"?>
<!-- Generated by org.testng.reporters.JUnitReportReporter -->
<testsuite hostname="LAPTOP-3R2I0TEE" failures="0" tests="1" name="SDET.AutomationPractice.AppTest" time="0.007" errors="0" timestamp="20 Oct 2020 19:19:33 GMT" skipped="0">
  <testcase classname="SDET.AutomationPractice.AppTest" name="shouldAnswerWithTrue" time="0.007"/>
</testsuite> <!-- SDET.AutomationPractice.AppTest -->
